<?xml version="1.0" encoding="UTF-8"?>
<!-- Generated by org.testng.reporters.JUnitXMLReporter -->
<testsuite hostname="Ers-MacBook-Air.local" ignored="0" name="Login Page test Cases" tests="4" failures="2" timestamp="20 May 2019 22:19:27 GMT" time="189.13" errors="0">
  <testcase name="loginPageTitleTest" time="0.442" classname="com.qa.testcases.LoginPageTest">
    <failure type="java.lang.AssertionError" message="expected [Online Shopping Canada: Everyday Low Prices at Walmart.ca!] but found [Walmart Canada]">
      <![CDATA[java.lang.AssertionError: expected [Online Shopping Canada: Everyday Low Prices at Walmart.ca!] but found [Walmart Canada]
	at com.qa.testcases.LoginPageTest.loginPageTitleTest(LoginPageTest.java:43)
... Removed 31 stack frames]]>
    </failure>
  </testcase> <!-- loginPageTitleTest -->
  <testcase name="loginPageAllDepartments" time="60.368" classname="com.qa.testcases.LoginPageTest">
    <failure type="org.openqa.selenium.TimeoutException" message="Expected condition failed: waiting for visibility of all [] (tried for 30 second(s) with 500 milliseconds interval)
Build info: version: &amp;apos;3.14.0&amp;apos;, revision: &amp;apos;aacccce0&amp;apos;, time: &amp;apos;2018-08-02T20:19:58.91Z&amp;apos;
System info: host: &amp;apos;Ers-MacBook-Air.local&amp;apos;, ip: &amp;apos;fe80:0:0:0:cd6:6ec1:9ae:f920%en0&amp;apos;, os.name: &amp;apos;Mac OS X&amp;apos;, os.arch: &amp;apos;x86_64&amp;apos;, os.version: &amp;apos;10.12.6&amp;apos;, java.version: &amp;apos;1.8.0_121&amp;apos;
Driver info: org.openqa.selenium.chrome.ChromeDriver
Capabilities {acceptInsecureCerts: false, acceptSslCerts: false, applicationCacheEnabled: false, browserConnectionEnabled: false, browserName: chrome, chrome: {chromedriverVersion: 74.0.3729.6 (255758eccf3d24..., userDataDir: /var/folders/bm/21hx0f7x0hx...}, cssSelectorsEnabled: true, databaseEnabled: false, goog:chromeOptions: {debuggerAddress: localhost:59704}, handlesAlerts: true, hasTouchScreen: false, javascriptEnabled: true, locationContextEnabled: true, mobileEmulationEnabled: false, nativeEvents: true, networkConnectionEnabled: false, pageLoadStrategy: normal, platform: MAC, platformName: MAC, proxy: Proxy(), rotatable: false, setWindowRect: true, strictFileInteractability: false, takesHeapSnapshot: true, takesScreenshot: true, timeouts: {implicit: 0, pageLoad: 300000, script: 30000}, unexpectedAlertBehaviour: ignore, unhandledPromptBehavior: ignore, version: 74.0.3729.157, webStorageEnabled: true}
Session ID: 3f318d53d3a640791d83ec629aad012c">
      <![CDATA[org.openqa.selenium.TimeoutException: Expected condition failed: waiting for visibility of all [] (tried for 30 second(s) with 500 milliseconds interval)
Build info: version: '3.14.0', revision: 'aacccce0', time: '2018-08-02T20:19:58.91Z'
System info: host: 'Ers-MacBook-Air.local', ip: 'fe80:0:0:0:cd6:6ec1:9ae:f920%en0', os.name: 'Mac OS X', os.arch: 'x86_64', os.version: '10.12.6', java.version: '1.8.0_121'
Driver info: org.openqa.selenium.chrome.ChromeDriver
Capabilities {acceptInsecureCerts: false, acceptSslCerts: false, applicationCacheEnabled: false, browserConnectionEnabled: false, browserName: chrome, chrome: {chromedriverVersion: 74.0.3729.6 (255758eccf3d24..., userDataDir: /var/folders/bm/21hx0f7x0hx...}, cssSelectorsEnabled: true, databaseEnabled: false, goog:chromeOptions: {debuggerAddress: localhost:59704}, handlesAlerts: true, hasTouchScreen: false, javascriptEnabled: true, locationContextEnabled: true, mobileEmulationEnabled: false, nativeEvents: true, networkConnectionEnabled: false, pageLoadStrategy: normal, platform: MAC, platformName: MAC, proxy: Proxy(), rotatable: false, setWindowRect: true, strictFileInteractability: false, takesHeapSnapshot: true, takesScreenshot: true, timeouts: {implicit: 0, pageLoad: 300000, script: 30000}, unexpectedAlertBehaviour: ignore, unhandledPromptBehavior: ignore, version: 74.0.3729.157, webStorageEnabled: true}
Session ID: 3f318d53d3a640791d83ec629aad012c
	at org.openqa.selenium.support.ui.WebDriverWait.timeoutException(WebDriverWait.java:113)
	at org.openqa.selenium.support.ui.FluentWait.until(FluentWait.java:283)
	at com.qa.pages.LoginPage.validateNumDepartments(LoginPage.java:60)
	at com.qa.testcases.LoginPageTest.loginPageAllDepartments(LoginPageTest.java:48)
... Removed 25 stack frames]]>
    </failure>
  </testcase> <!-- loginPageAllDepartments -->
  <testcase name="loginPageBrokenLinkTest" time="121.259" classname="com.qa.testcases.LoginPageTest"/>
  <testcase name="logintoHomepage" time="6.908" classname="com.qa.testcases.LoginPageTest"/>
</testsuite> <!-- Login Page test Cases -->
